Detecting C compiler ABI info failed to compile with the following output:
Change Dir: /Users/james/Projects/ios-cmake/build/CMakeFiles/CMakeTmp

Run Build Command:"/usr/bin/xcodebuild" "-project" "CMAKE_TRY_COMPILE.xcodeproj" "build" "-target" "cmTC_b120d" "-configuration" "Debug"
Prepare build
note: Using legacy build system

=== BUILD TARGET cmTC_b120d OF PROJECT CMAKE_TRY_COMPILE WITH CONFIGURATION Debug ===

Check dependencies
target specifies product type 'com.apple.product-type.tool', but there's no such product type for the 'iphoneos' platform

** BUILD FAILED **


The following build commands failed:
	Check dependencies
(1 failure)



Detecting C [-std=c11] compiler features failed to compile with the following output:
Change Dir: /Users/james/Projects/ios-cmake/build/CMakeFiles/CMakeTmp

Run Build Command:"/usr/bin/xcodebuild" "-project" "CMAKE_TRY_COMPILE.xcodeproj" "build" "-target" "cmTC_733b4" "-configuration" "Debug"
Prepare build
note: Using legacy build system

=== BUILD TARGET cmTC_733b4 OF PROJECT CMAKE_TRY_COMPILE WITH CONFIGURATION Debug ===

Check dependencies
target specifies product type 'com.apple.product-type.tool', but there's no such product type for the 'iphoneos' platform

** BUILD FAILED **


The following build commands failed:
	Check dependencies
(1 failure)



Detecting CXX compiler ABI info failed to compile with the following output:
Change Dir: /Users/james/Projects/ios-cmake/build/CMakeFiles/CMakeTmp

Run Build Command:"/usr/bin/xcodebuild" "-project" "CMAKE_TRY_COMPILE.xcodeproj" "build" "-target" "cmTC_446a5" "-configuration" "Debug"
Prepare build
note: Using legacy build system

=== BUILD TARGET cmTC_446a5 OF PROJECT CMAKE_TRY_COMPILE WITH CONFIGURATION Debug ===

Check dependencies
target specifies product type 'com.apple.product-type.tool', but there's no such product type for the 'iphoneos' platform

** BUILD FAILED **


The following build commands failed:
	Check dependencies
(1 failure)



Detecting CXX [-std=c++1z] compiler features failed to compile with the following output:
Change Dir: /Users/james/Projects/ios-cmake/build/CMakeFiles/CMakeTmp

Run Build Command:"/usr/bin/xcodebuild" "-project" "CMAKE_TRY_COMPILE.xcodeproj" "build" "-target" "cmTC_6095e" "-configuration" "Debug"
Prepare build
note: Using legacy build system

=== BUILD TARGET cmTC_6095e OF PROJECT CMAKE_TRY_COMPILE WITH CONFIGURATION Debug ===

Check dependencies
target specifies product type 'com.apple.product-type.tool', but there's no such product type for the 'iphoneos' platform

** BUILD FAILED **


The following build commands failed:
	Check dependencies
(1 failure)



